<?xml version="1.0" encoding="UTF-8"?>
<coverage generated="1617488246151" clover="3.2.0">
  <project timestamp="1617488246151" name="All files">
    <metrics statements="75" coveredstatements="71" conditionals="27" coveredconditionals="19" methods="17" coveredmethods="15" elements="119" coveredelements="105" complexity="0" loc="75" ncloc="75" packages="1" files="2" classes="2"/>
    <file name="functions.js" path="C:\Users\N10\Desktop\merylab\meryLIM014-mdlinks\functions.js">
      <metrics statements="51" coveredstatements="48" conditionals="14" coveredconditionals="10" methods="13" coveredmethods="12"/>
      <line num="6" count="2" type="stmt"/>
      <line num="7" count="2" type="stmt"/>
      <line num="8" count="2" type="stmt"/>
      <line num="9" count="2" type="stmt"/>
      <line num="14" count="2" type="stmt"/>
      <line num="15" count="26" type="cond" truecount="2" falsecount="0"/>
      <line num="16" count="15" type="stmt"/>
      <line num="18" count="11" type="stmt"/>
      <line num="23" count="2" type="stmt"/>
      <line num="24" count="7" type="stmt"/>
      <line num="25" count="7" type="stmt"/>
      <line num="30" count="2" type="stmt"/>
      <line num="31" count="15" type="stmt"/>
      <line num="33" count="15" type="cond" truecount="2" falsecount="0"/>
      <line num="34" count="8" type="stmt"/>
      <line num="40" count="21" type="stmt"/>
      <line num="56" count="2" type="stmt"/>
      <line num="57" count="8" type="stmt"/>
      <line num="58" count="8" type="stmt"/>
      <line num="63" count="2" type="stmt"/>
      <line num="64" count="2" type="stmt"/>
      <line num="68" count="7" type="stmt"/>
      <line num="72" count="15" type="stmt"/>
      <line num="76" count="15" type="cond" truecount="2" falsecount="0"/>
      <line num="77" count="8" type="stmt"/>
      <line num="78" count="7" type="cond" truecount="2" falsecount="0"/>
      <line num="80" count="5" type="stmt"/>
      <line num="83" count="2" type="stmt"/>
      <line num="86" count="7" type="stmt"/>
      <line num="91" count="2" type="stmt"/>
      <line num="92" count="11" type="stmt"/>
      <line num="93" count="11" type="stmt"/>
      <line num="95" count="19" type="stmt"/>
      <line num="96" count="19" type="stmt"/>
      <line num="97" count="19" type="stmt"/>
      <line num="98" count="19" type="stmt"/>
      <line num="99" count="19" type="stmt"/>
      <line num="100" count="19" type="stmt"/>
      <line num="101" count="29" type="stmt"/>
      <line num="102" count="19" type="stmt"/>
      <line num="105" count="19" type="cond" truecount="1" falsecount="1"/>
      <line num="106" count="19" type="stmt"/>
      <line num="108" count="29" type="stmt"/>
      <line num="116" count="11" type="stmt"/>
      <line num="127" count="12" type="stmt"/>
      <line num="130" count="1" type="cond" truecount="1" falsecount="1"/>
      <line num="131" count="1" type="stmt"/>
      <line num="143" count="0" type="cond" truecount="0" falsecount="2"/>
      <line num="144" count="0" type="stmt"/>
      <line num="153" count="0" type="stmt"/>
      <line num="178" count="2" type="stmt"/>
    </file>
    <file name="index.js" path="C:\Users\N10\Desktop\merylab\meryLIM014-mdlinks\index.js">
      <metrics statements="24" coveredstatements="23" conditionals="13" coveredconditionals="9" methods="4" coveredmethods="3"/>
      <line num="7" count="2" type="stmt"/>
      <line num="20" count="2" type="stmt"/>
      <line num="22" count="5" type="stmt"/>
      <line num="23" count="5" type="stmt"/>
      <line num="24" count="5" type="stmt"/>
      <line num="26" count="5" type="stmt"/>
      <line num="27" count="5" type="cond" truecount="1" falsecount="1"/>
      <line num="30" count="5" type="cond" truecount="2" falsecount="0"/>
      <line num="34" count="5" type="stmt"/>
      <line num="36" count="5" type="stmt"/>
      <line num="37" count="5" type="cond" truecount="2" falsecount="0"/>
      <line num="39" count="1" type="stmt"/>
      <line num="42" count="4" type="cond" truecount="1" falsecount="1"/>
      <line num="48" count="5" type="cond" truecount="3" falsecount="2"/>
      <line num="49" count="5" type="stmt"/>
      <line num="52" count="5" type="stmt"/>
      <line num="55" count="5" type="stmt"/>
      <line num="58" count="5" type="stmt"/>
      <line num="59" count="5" type="stmt"/>
      <line num="60" count="11" type="stmt"/>
      <line num="62" count="5" type="stmt"/>
      <line num="63" count="0" type="stmt"/>
      <line num="65" count="5" type="stmt"/>
      <line num="125" count="2" type="stmt"/>
    </file>
  </project>
</coverage>
