<?xml version="1.0" encoding="UTF-8"?>
<coverage generated="1618270438219" clover="3.2.0">
  <project timestamp="1618270438219" name="All files">
    <metrics statements="74" coveredstatements="74" conditionals="29" coveredconditionals="26" methods="16" coveredmethods="16" elements="119" coveredelements="116" complexity="0" loc="74" ncloc="74" packages="1" files="2" classes="2"/>
    <file name="functions.js" path="C:\Users\N10\Desktop\merylab\meryLIM014-mdlinks\src\functions.js">
      <metrics statements="51" coveredstatements="51" conditionals="14" coveredconditionals="12" methods="13" coveredmethods="13"/>
      <line num="6" count="2" type="stmt"/>
      <line num="7" count="2" type="stmt"/>
      <line num="8" count="2" type="stmt"/>
      <line num="9" count="2" type="stmt"/>
      <line num="12" count="2" type="stmt"/>
      <line num="13" count="26" type="cond" truecount="2" falsecount="0"/>
      <line num="14" count="10" type="stmt"/>
      <line num="16" count="16" type="stmt"/>
      <line num="21" count="2" type="stmt"/>
      <line num="22" count="10" type="stmt"/>
      <line num="23" count="10" type="stmt"/>
      <line num="28" count="2" type="stmt"/>
      <line num="29" count="18" type="stmt"/>
      <line num="31" count="17" type="cond" truecount="2" falsecount="0"/>
      <line num="32" count="8" type="stmt"/>
      <line num="38" count="25" type="stmt"/>
      <line num="42" count="2" type="stmt"/>
      <line num="43" count="8" type="stmt"/>
      <line num="44" count="8" type="stmt"/>
      <line num="49" count="2" type="stmt"/>
      <line num="50" count="2" type="stmt"/>
      <line num="54" count="7" type="stmt"/>
      <line num="58" count="17" type="stmt"/>
      <line num="62" count="17" type="cond" truecount="2" falsecount="0"/>
      <line num="63" count="10" type="stmt"/>
      <line num="64" count="7" type="cond" truecount="2" falsecount="0"/>
      <line num="66" count="5" type="stmt"/>
      <line num="69" count="2" type="stmt"/>
      <line num="72" count="7" type="stmt"/>
      <line num="77" count="2" type="stmt"/>
      <line num="78" count="8" type="stmt"/>
      <line num="79" count="8" type="stmt"/>
      <line num="81" count="16" type="stmt"/>
      <line num="82" count="16" type="stmt"/>
      <line num="83" count="16" type="stmt"/>
      <line num="84" count="16" type="stmt"/>
      <line num="85" count="16" type="stmt"/>
      <line num="86" count="16" type="stmt"/>
      <line num="87" count="24" type="stmt"/>
      <line num="88" count="16" type="stmt"/>
      <line num="91" count="16" type="cond" truecount="1" falsecount="1"/>
      <line num="92" count="16" type="stmt"/>
      <line num="93" count="24" type="stmt"/>
      <line num="101" count="8" type="stmt"/>
      <line num="112" count="7" type="stmt"/>
      <line num="114" count="3" type="cond" truecount="1" falsecount="1"/>
      <line num="115" count="3" type="stmt"/>
      <line num="125" count="4" type="cond" truecount="2" falsecount="0"/>
      <line num="127" count="2" type="stmt"/>
      <line num="136" count="2" type="stmt"/>
      <line num="168" count="2" type="stmt"/>
    </file>
    <file name="index.js" path="C:\Users\N10\Desktop\merylab\meryLIM014-mdlinks\src\index.js">
      <metrics statements="23" coveredstatements="23" conditionals="15" coveredconditionals="14" methods="3" coveredmethods="3"/>
      <line num="7" count="1" type="stmt"/>
      <line num="18" count="1" type="stmt"/>
      <line num="20" count="8" type="stmt"/>
      <line num="21" count="8" type="stmt"/>
      <line num="22" count="8" type="stmt"/>
      <line num="25" count="8" type="stmt"/>
      <line num="26" count="8" type="cond" truecount="4" falsecount="0"/>
      <line num="27" count="7" type="stmt"/>
      <line num="29" count="1" type="stmt"/>
      <line num="32" count="8" type="cond" truecount="2" falsecount="0"/>
      <line num="36" count="7" type="stmt"/>
      <line num="38" count="7" type="stmt"/>
      <line num="39" count="7" type="cond" truecount="2" falsecount="0"/>
      <line num="40" count="1" type="stmt"/>
      <line num="42" count="6" type="cond" truecount="1" falsecount="1"/>
      <line num="47" count="7" type="stmt"/>
      <line num="48" count="7" type="cond" truecount="5" falsecount="0"/>
      <line num="49" count="4" type="stmt"/>
      <line num="51" count="3" type="stmt"/>
      <line num="52" count="3" type="stmt"/>
      <line num="53" count="4" type="stmt"/>
      <line num="56" count="3" type="stmt"/>
      <line num="60" count="1" type="stmt"/>
    </file>
  </project>
</coverage>
