{"C:\\Users\\N10\\Desktop\\merylab\\meryLIM014-mdlinks\\functions.js": {"path":"C:\\Users\\N10\\Desktop\\merylab\\meryLIM014-mdlinks\\functions.js","statementMap":{"0":{"start":{"line":6,"column":13},"end":{"line":6,"column":28}},"1":{"start":{"line":7,"column":11},"end":{"line":7,"column":24}},"2":{"start":{"line":8,"column":14},"end":{"line":8,"column":30}},"3":{"start":{"line":9,"column":14},"end":{"line":9,"column":30}},"4":{"start":{"line":14,"column":31},"end":{"line":19,"column":1}},"5":{"start":{"line":15,"column":2},"end":{"line":17,"column":3}},"6":{"start":{"line":16,"column":4},"end":{"line":16,"column":20}},"7":{"start":{"line":18,"column":2},"end":{"line":18,"column":32}},"8":{"start":{"line":23,"column":20},"end":{"line":26,"column":1}},"9":{"start":{"line":24,"column":21},"end":{"line":24,"column":45}},"10":{"start":{"line":25,"column":2},"end":{"line":25,"column":20}},"11":{"start":{"line":30,"column":21},"end":{"line":36,"column":1}},"12":{"start":{"line":31,"column":16},"end":{"line":31,"column":32}},"13":{"start":{"line":33,"column":2},"end":{"line":35,"column":3}},"14":{"start":{"line":34,"column":4},"end":{"line":34,"column":31}},"15":{"start":{"line":40,"column":23},"end":{"line":40,"column":61}},"16":{"start":{"line":40,"column":38},"end":{"line":40,"column":61}},"17":{"start":{"line":56,"column":23},"end":{"line":59,"column":1}},"18":{"start":{"line":57,"column":18},"end":{"line":57,"column":45}},"19":{"start":{"line":58,"column":2},"end":{"line":58,"column":17}},"20":{"start":{"line":63,"column":23},"end":{"line":63,"column":25}},"21":{"start":{"line":64,"column":22},"end":{"line":87,"column":1}},"22":{"start":{"line":68,"column":2},"end":{"line":85,"column":5}},"23":{"start":{"line":72,"column":22},"end":{"line":72,"column":45}},"24":{"start":{"line":76,"column":4},"end":{"line":84,"column":5}},"25":{"start":{"line":77,"column":6},"end":{"line":77,"column":37}},"26":{"start":{"line":78,"column":11},"end":{"line":84,"column":5}},"27":{"start":{"line":80,"column":6},"end":{"line":80,"column":31}},"28":{"start":{"line":83,"column":6},"end":{"line":83,"column":75}},"29":{"start":{"line":86,"column":2},"end":{"line":86,"column":24}},"30":{"start":{"line":91,"column":27},"end":{"line":117,"column":1}},"31":{"start":{"line":92,"column":32},"end":{"line":92,"column":34}},"32":{"start":{"line":93,"column":2},"end":{"line":115,"column":5}},"33":{"start":{"line":95,"column":21},"end":{"line":95,"column":57}},"34":{"start":{"line":96,"column":23},"end":{"line":96,"column":57}},"35":{"start":{"line":97,"column":25},"end":{"line":97,"column":46}},"36":{"start":{"line":98,"column":23},"end":{"line":98,"column":88}},"37":{"start":{"line":99,"column":24},"end":{"line":99,"column":80}},"38":{"start":{"line":100,"column":22},"end":{"line":100,"column":52}},"39":{"start":{"line":101,"column":24},"end":{"line":101,"column":72}},"40":{"start":{"line":101,"column":51},"end":{"line":101,"column":71}},"41":{"start":{"line":102,"column":23},"end":{"line":102,"column":54}},"42":{"start":{"line":105,"column":4},"end":{"line":114,"column":5}},"43":{"start":{"line":106,"column":6},"end":{"line":113,"column":7}},"44":{"start":{"line":106,"column":19},"end":{"line":106,"column":20}},"45":{"start":{"line":108,"column":8},"end":{"line":112,"column":11}},"46":{"start":{"line":116,"column":2},"end":{"line":116,"column":31}},"47":{"start":{"line":127,"column":24},"end":{"line":161,"column":4}},"48":{"start":{"line":127,"column":36},"end":{"line":161,"column":4}},"49":{"start":{"line":130,"column":4},"end":{"line":139,"column":5}},"50":{"start":{"line":131,"column":6},"end":{"line":137,"column":8}},"51":{"start":{"line":143,"column":4},"end":{"line":160,"column":5}},"52":{"start":{"line":144,"column":6},"end":{"line":150,"column":8}},"53":{"start":{"line":153,"column":6},"end":{"line":159,"column":8}},"54":{"start":{"line":178,"column":0},"end":{"line":188,"column":2}}},"fnMap":{"0":{"name":"(anonymous_0)","decl":{"start":{"line":14,"column":31},"end":{"line":14,"column":32}},"loc":{"start":{"line":14,"column":45},"end":{"line":19,"column":1}},"line":14},"1":{"name":"(anonymous_1)","decl":{"start":{"line":23,"column":20},"end":{"line":23,"column":21}},"loc":{"start":{"line":23,"column":35},"end":{"line":26,"column":1}},"line":23},"2":{"name":"(anonymous_2)","decl":{"start":{"line":30,"column":21},"end":{"line":30,"column":22}},"loc":{"start":{"line":30,"column":30},"end":{"line":36,"column":1}},"line":30},"3":{"name":"(anonymous_3)","decl":{"start":{"line":40,"column":23},"end":{"line":40,"column":24}},"loc":{"start":{"line":40,"column":38},"end":{"line":40,"column":61}},"line":40},"4":{"name":"(anonymous_4)","decl":{"start":{"line":56,"column":23},"end":{"line":56,"column":24}},"loc":{"start":{"line":56,"column":32},"end":{"line":59,"column":1}},"line":56},"5":{"name":"(anonymous_5)","decl":{"start":{"line":64,"column":22},"end":{"line":64,"column":23}},"loc":{"start":{"line":64,"column":31},"end":{"line":87,"column":1}},"line":64},"6":{"name":"(anonymous_6)","decl":{"start":{"line":68,"column":30},"end":{"line":68,"column":31}},"loc":{"start":{"line":68,"column":43},"end":{"line":85,"column":3}},"line":68},"7":{"name":"(anonymous_7)","decl":{"start":{"line":91,"column":27},"end":{"line":91,"column":28}},"loc":{"start":{"line":91,"column":48},"end":{"line":117,"column":1}},"line":91},"8":{"name":"(anonymous_8)","decl":{"start":{"line":93,"column":26},"end":{"line":93,"column":27}},"loc":{"start":{"line":93,"column":44},"end":{"line":115,"column":3}},"line":93},"9":{"name":"(anonymous_9)","decl":{"start":{"line":101,"column":38},"end":{"line":101,"column":39}},"loc":{"start":{"line":101,"column":51},"end":{"line":101,"column":71}},"line":101},"10":{"name":"(anonymous_10)","decl":{"start":{"line":127,"column":24},"end":{"line":127,"column":25}},"loc":{"start":{"line":127,"column":36},"end":{"line":161,"column":4}},"line":127},"11":{"name":"(anonymous_11)","decl":{"start":{"line":129,"column":8},"end":{"line":129,"column":9}},"loc":{"start":{"line":129,"column":22},"end":{"line":141,"column":3}},"line":129},"12":{"name":"(anonymous_12)","decl":{"start":{"line":142,"column":9},"end":{"line":142,"column":10}},"loc":{"start":{"line":142,"column":20},"end":{"line":161,"column":3}},"line":142}},"branchMap":{"0":{"loc":{"start":{"line":15,"column":2},"end":{"line":17,"column":3}},"type":"if","locations":[{"start":{"line":15,"column":2},"end":{"line":17,"column":3}},{"start":{"line":15,"column":2},"end":{"line":17,"column":3}}],"line":15},"1":{"loc":{"start":{"line":33,"column":2},"end":{"line":35,"column":3}},"type":"if","locations":[{"start":{"line":33,"column":2},"end":{"line":35,"column":3}},{"start":{"line":33,"column":2},"end":{"line":35,"column":3}}],"line":33},"2":{"loc":{"start":{"line":76,"column":4},"end":{"line":84,"column":5}},"type":"if","locations":[{"start":{"line":76,"column":4},"end":{"line":84,"column":5}},{"start":{"line":76,"column":4},"end":{"line":84,"column":5}}],"line":76},"3":{"loc":{"start":{"line":78,"column":11},"end":{"line":84,"column":5}},"type":"if","locations":[{"start":{"line":78,"column":11},"end":{"line":84,"column":5}},{"start":{"line":78,"column":11},"end":{"line":84,"column":5}}],"line":78},"4":{"loc":{"start":{"line":105,"column":4},"end":{"line":114,"column":5}},"type":"if","locations":[{"start":{"line":105,"column":4},"end":{"line":114,"column":5}},{"start":{"line":105,"column":4},"end":{"line":114,"column":5}}],"line":105},"5":{"loc":{"start":{"line":130,"column":4},"end":{"line":139,"column":5}},"type":"if","locations":[{"start":{"line":130,"column":4},"end":{"line":139,"column":5}},{"start":{"line":130,"column":4},"end":{"line":139,"column":5}}],"line":130},"6":{"loc":{"start":{"line":143,"column":4},"end":{"line":160,"column":5}},"type":"if","locations":[{"start":{"line":143,"column":4},"end":{"line":160,"column":5}},{"start":{"line":143,"column":4},"end":{"line":160,"column":5}}],"line":143}},"s":{"0":2,"1":2,"2":2,"3":2,"4":2,"5":26,"6":15,"7":11,"8":2,"9":7,"10":7,"11":2,"12":15,"13":15,"14":8,"15":2,"16":21,"17":2,"18":8,"19":8,"20":2,"21":2,"22":7,"23":15,"24":15,"25":8,"26":7,"27":5,"28":2,"29":7,"30":2,"31":11,"32":11,"33":19,"34":19,"35":19,"36":19,"37":19,"38":19,"39":19,"40":29,"41":19,"42":19,"43":19,"44":19,"45":29,"46":11,"47":2,"48":12,"49":1,"50":1,"51":0,"52":0,"53":0,"54":2},"f":{"0":26,"1":7,"2":15,"3":21,"4":8,"5":7,"6":15,"7":11,"8":19,"9":29,"10":12,"11":1,"12":0},"b":{"0":[15,11],"1":[8,7],"2":[8,7],"3":[5,2],"4":[19,0],"5":[1,0],"6":[0,0]},"_coverageSchema":"1a1c01bbd47fc00a2c39e90264f33305004495a9","hash":"f63d7fce8a371e748b4e05999bcefdee6f90a532"}
,"C:\\Users\\N10\\Desktop\\merylab\\meryLIM014-mdlinks\\index.js": {"path":"C:\\Users\\N10\\Desktop\\merylab\\meryLIM014-mdlinks\\index.js","statementMap":{"0":{"start":{"line":7,"column":14},"end":{"line":7,"column":30}},"1":{"start":{"line":20,"column":4},"end":{"line":20,"column":26}},"2":{"start":{"line":22,"column":16},"end":{"line":66,"column":2}},"3":{"start":{"line":22,"column":39},"end":{"line":66,"column":2}},"4":{"start":{"line":23,"column":23},"end":{"line":23,"column":55}},"5":{"start":{"line":24,"column":21},"end":{"line":24,"column":46}},"6":{"start":{"line":26,"column":17},"end":{"line":26,"column":38}},"7":{"start":{"line":27,"column":25},"end":{"line":27,"column":80}},"8":{"start":{"line":30,"column":22},"end":{"line":32,"column":62}},"9":{"start":{"line":34,"column":24},"end":{"line":34,"column":54}},"10":{"start":{"line":36,"column":24},"end":{"line":36,"column":26}},"11":{"start":{"line":37,"column":2},"end":{"line":46,"column":3}},"12":{"start":{"line":39,"column":4},"end":{"line":39,"column":52}},"13":{"start":{"line":42,"column":4},"end":{"line":44,"column":51}},"14":{"start":{"line":48,"column":2},"end":{"line":53,"column":3}},"15":{"start":{"line":49,"column":32},"end":{"line":49,"column":67}},"16":{"start":{"line":52,"column":4},"end":{"line":52,"column":33}},"17":{"start":{"line":55,"column":30},"end":{"line":55,"column":65}},"18":{"start":{"line":58,"column":29},"end":{"line":58,"column":31}},"19":{"start":{"line":59,"column":2},"end":{"line":61,"column":5}},"20":{"start":{"line":60,"column":4},"end":{"line":60,"column":53}},"21":{"start":{"line":62,"column":36},"end":{"line":64,"column":3}},"22":{"start":{"line":63,"column":16},"end":{"line":63,"column":22}},"23":{"start":{"line":65,"column":2},"end":{"line":65,"column":37}},"24":{"start":{"line":125,"column":0},"end":{"line":125,"column":25}}},"fnMap":{"0":{"name":"(anonymous_0)","decl":{"start":{"line":22,"column":16},"end":{"line":22,"column":17}},"loc":{"start":{"line":22,"column":39},"end":{"line":66,"column":2}},"line":22},"1":{"name":"(anonymous_1)","decl":{"start":{"line":22,"column":51},"end":{"line":22,"column":52}},"loc":{"start":{"line":22,"column":72},"end":{"line":66,"column":1}},"line":22},"2":{"name":"(anonymous_2)","decl":{"start":{"line":59,"column":30},"end":{"line":59,"column":31}},"loc":{"start":{"line":59,"column":42},"end":{"line":61,"column":3}},"line":59},"3":{"name":"(anonymous_3)","decl":{"start":{"line":63,"column":4},"end":{"line":63,"column":5}},"loc":{"start":{"line":63,"column":16},"end":{"line":63,"column":22}},"line":63}},"branchMap":{"0":{"loc":{"start":{"line":27,"column":25},"end":{"line":27,"column":80}},"type":"cond-expr","locations":[{"start":{"line":27,"column":38},"end":{"line":27,"column":50}},{"start":{"line":27,"column":53},"end":{"line":27,"column":80}}],"line":27},"1":{"loc":{"start":{"line":30,"column":22},"end":{"line":32,"column":62}},"type":"cond-expr","locations":[{"start":{"line":31,"column":6},"end":{"line":31,"column":34}},{"start":{"line":32,"column":6},"end":{"line":32,"column":62}}],"line":30},"2":{"loc":{"start":{"line":37,"column":2},"end":{"line":46,"column":3}},"type":"if","locations":[{"start":{"line":37,"column":2},"end":{"line":46,"column":3}},{"start":{"line":37,"column":2},"end":{"line":46,"column":3}}],"line":37},"3":{"loc":{"start":{"line":42,"column":22},"end":{"line":44,"column":50}},"type":"cond-expr","locations":[{"start":{"line":43,"column":8},"end":{"line":43,"column":24}},{"start":{"line":44,"column":8},"end":{"line":44,"column":50}}],"line":42},"4":{"loc":{"start":{"line":48,"column":2},"end":{"line":53,"column":3}},"type":"if","locations":[{"start":{"line":48,"column":2},"end":{"line":53,"column":3}},{"start":{"line":48,"column":2},"end":{"line":53,"column":3}}],"line":48},"5":{"loc":{"start":{"line":48,"column":6},"end":{"line":48,"column":62}},"type":"binary-expr","locations":[{"start":{"line":48,"column":6},"end":{"line":48,"column":14}},{"start":{"line":48,"column":18},"end":{"line":48,"column":44}},{"start":{"line":48,"column":48},"end":{"line":48,"column":62}}],"line":48}},"s":{"0":2,"1":2,"2":2,"3":5,"4":5,"5":5,"6":5,"7":5,"8":5,"9":5,"10":5,"11":5,"12":1,"13":4,"14":5,"15":5,"16":5,"17":5,"18":5,"19":5,"20":11,"21":5,"22":0,"23":5,"24":2},"f":{"0":5,"1":5,"2":11,"3":0},"b":{"0":[5,0],"1":[1,4],"2":[1,4],"3":[4,0],"4":[5,0],"5":[5,2,0]},"_coverageSchema":"1a1c01bbd47fc00a2c39e90264f33305004495a9","hash":"505925c5bf8003739b66109d50d991f4d0d60f28"}
}
