{"C:\\Users\\N10\\Desktop\\merylab\\meryLIM014-mdlinks\\src\\functions.js": {"path":"C:\\Users\\N10\\Desktop\\merylab\\meryLIM014-mdlinks\\src\\functions.js","statementMap":{"0":{"start":{"line":6,"column":13},"end":{"line":6,"column":28}},"1":{"start":{"line":7,"column":11},"end":{"line":7,"column":24}},"2":{"start":{"line":8,"column":14},"end":{"line":8,"column":30}},"3":{"start":{"line":9,"column":14},"end":{"line":9,"column":30}},"4":{"start":{"line":12,"column":31},"end":{"line":17,"column":1}},"5":{"start":{"line":13,"column":2},"end":{"line":15,"column":3}},"6":{"start":{"line":14,"column":4},"end":{"line":14,"column":20}},"7":{"start":{"line":16,"column":2},"end":{"line":16,"column":32}},"8":{"start":{"line":21,"column":20},"end":{"line":24,"column":1}},"9":{"start":{"line":22,"column":21},"end":{"line":22,"column":45}},"10":{"start":{"line":23,"column":2},"end":{"line":23,"column":20}},"11":{"start":{"line":28,"column":21},"end":{"line":34,"column":1}},"12":{"start":{"line":29,"column":16},"end":{"line":29,"column":32}},"13":{"start":{"line":31,"column":2},"end":{"line":33,"column":3}},"14":{"start":{"line":32,"column":4},"end":{"line":32,"column":31}},"15":{"start":{"line":38,"column":23},"end":{"line":38,"column":61}},"16":{"start":{"line":38,"column":38},"end":{"line":38,"column":61}},"17":{"start":{"line":42,"column":23},"end":{"line":45,"column":1}},"18":{"start":{"line":43,"column":18},"end":{"line":43,"column":45}},"19":{"start":{"line":44,"column":2},"end":{"line":44,"column":17}},"20":{"start":{"line":49,"column":23},"end":{"line":49,"column":25}},"21":{"start":{"line":50,"column":22},"end":{"line":73,"column":1}},"22":{"start":{"line":54,"column":2},"end":{"line":71,"column":5}},"23":{"start":{"line":58,"column":22},"end":{"line":58,"column":45}},"24":{"start":{"line":62,"column":4},"end":{"line":70,"column":5}},"25":{"start":{"line":63,"column":6},"end":{"line":63,"column":37}},"26":{"start":{"line":64,"column":11},"end":{"line":70,"column":5}},"27":{"start":{"line":66,"column":6},"end":{"line":66,"column":31}},"28":{"start":{"line":69,"column":6},"end":{"line":69,"column":75}},"29":{"start":{"line":72,"column":2},"end":{"line":72,"column":24}},"30":{"start":{"line":77,"column":27},"end":{"line":102,"column":1}},"31":{"start":{"line":78,"column":32},"end":{"line":78,"column":34}},"32":{"start":{"line":79,"column":2},"end":{"line":100,"column":5}},"33":{"start":{"line":81,"column":21},"end":{"line":81,"column":57}},"34":{"start":{"line":82,"column":23},"end":{"line":82,"column":57}},"35":{"start":{"line":83,"column":25},"end":{"line":83,"column":46}},"36":{"start":{"line":84,"column":23},"end":{"line":84,"column":88}},"37":{"start":{"line":85,"column":24},"end":{"line":85,"column":80}},"38":{"start":{"line":86,"column":22},"end":{"line":86,"column":52}},"39":{"start":{"line":87,"column":24},"end":{"line":87,"column":72}},"40":{"start":{"line":87,"column":51},"end":{"line":87,"column":71}},"41":{"start":{"line":88,"column":23},"end":{"line":88,"column":54}},"42":{"start":{"line":91,"column":4},"end":{"line":99,"column":5}},"43":{"start":{"line":92,"column":6},"end":{"line":98,"column":7}},"44":{"start":{"line":92,"column":19},"end":{"line":92,"column":20}},"45":{"start":{"line":93,"column":8},"end":{"line":97,"column":11}},"46":{"start":{"line":101,"column":2},"end":{"line":101,"column":31}},"47":{"start":{"line":112,"column":24},"end":{"line":144,"column":4}},"48":{"start":{"line":112,"column":36},"end":{"line":144,"column":4}},"49":{"start":{"line":114,"column":4},"end":{"line":122,"column":5}},"50":{"start":{"line":115,"column":6},"end":{"line":121,"column":8}},"51":{"start":{"line":125,"column":4},"end":{"line":143,"column":5}},"52":{"start":{"line":127,"column":6},"end":{"line":133,"column":8}},"53":{"start":{"line":136,"column":6},"end":{"line":142,"column":8}},"54":{"start":{"line":168,"column":0},"end":{"line":177,"column":2}}},"fnMap":{"0":{"name":"(anonymous_0)","decl":{"start":{"line":12,"column":31},"end":{"line":12,"column":32}},"loc":{"start":{"line":12,"column":45},"end":{"line":17,"column":1}},"line":12},"1":{"name":"(anonymous_1)","decl":{"start":{"line":21,"column":20},"end":{"line":21,"column":21}},"loc":{"start":{"line":21,"column":35},"end":{"line":24,"column":1}},"line":21},"2":{"name":"(anonymous_2)","decl":{"start":{"line":28,"column":21},"end":{"line":28,"column":22}},"loc":{"start":{"line":28,"column":30},"end":{"line":34,"column":1}},"line":28},"3":{"name":"(anonymous_3)","decl":{"start":{"line":38,"column":23},"end":{"line":38,"column":24}},"loc":{"start":{"line":38,"column":38},"end":{"line":38,"column":61}},"line":38},"4":{"name":"(anonymous_4)","decl":{"start":{"line":42,"column":23},"end":{"line":42,"column":24}},"loc":{"start":{"line":42,"column":32},"end":{"line":45,"column":1}},"line":42},"5":{"name":"(anonymous_5)","decl":{"start":{"line":50,"column":22},"end":{"line":50,"column":23}},"loc":{"start":{"line":50,"column":31},"end":{"line":73,"column":1}},"line":50},"6":{"name":"(anonymous_6)","decl":{"start":{"line":54,"column":30},"end":{"line":54,"column":31}},"loc":{"start":{"line":54,"column":43},"end":{"line":71,"column":3}},"line":54},"7":{"name":"(anonymous_7)","decl":{"start":{"line":77,"column":27},"end":{"line":77,"column":28}},"loc":{"start":{"line":77,"column":48},"end":{"line":102,"column":1}},"line":77},"8":{"name":"(anonymous_8)","decl":{"start":{"line":79,"column":26},"end":{"line":79,"column":27}},"loc":{"start":{"line":79,"column":44},"end":{"line":100,"column":3}},"line":79},"9":{"name":"(anonymous_9)","decl":{"start":{"line":87,"column":38},"end":{"line":87,"column":39}},"loc":{"start":{"line":87,"column":51},"end":{"line":87,"column":71}},"line":87},"10":{"name":"(anonymous_10)","decl":{"start":{"line":112,"column":24},"end":{"line":112,"column":25}},"loc":{"start":{"line":112,"column":36},"end":{"line":144,"column":4}},"line":112},"11":{"name":"(anonymous_11)","decl":{"start":{"line":113,"column":8},"end":{"line":113,"column":9}},"loc":{"start":{"line":113,"column":22},"end":{"line":123,"column":3}},"line":113},"12":{"name":"(anonymous_12)","decl":{"start":{"line":124,"column":9},"end":{"line":124,"column":10}},"loc":{"start":{"line":124,"column":20},"end":{"line":144,"column":3}},"line":124}},"branchMap":{"0":{"loc":{"start":{"line":13,"column":2},"end":{"line":15,"column":3}},"type":"if","locations":[{"start":{"line":13,"column":2},"end":{"line":15,"column":3}},{"start":{"line":13,"column":2},"end":{"line":15,"column":3}}],"line":13},"1":{"loc":{"start":{"line":31,"column":2},"end":{"line":33,"column":3}},"type":"if","locations":[{"start":{"line":31,"column":2},"end":{"line":33,"column":3}},{"start":{"line":31,"column":2},"end":{"line":33,"column":3}}],"line":31},"2":{"loc":{"start":{"line":62,"column":4},"end":{"line":70,"column":5}},"type":"if","locations":[{"start":{"line":62,"column":4},"end":{"line":70,"column":5}},{"start":{"line":62,"column":4},"end":{"line":70,"column":5}}],"line":62},"3":{"loc":{"start":{"line":64,"column":11},"end":{"line":70,"column":5}},"type":"if","locations":[{"start":{"line":64,"column":11},"end":{"line":70,"column":5}},{"start":{"line":64,"column":11},"end":{"line":70,"column":5}}],"line":64},"4":{"loc":{"start":{"line":91,"column":4},"end":{"line":99,"column":5}},"type":"if","locations":[{"start":{"line":91,"column":4},"end":{"line":99,"column":5}},{"start":{"line":91,"column":4},"end":{"line":99,"column":5}}],"line":91},"5":{"loc":{"start":{"line":114,"column":4},"end":{"line":122,"column":5}},"type":"if","locations":[{"start":{"line":114,"column":4},"end":{"line":122,"column":5}},{"start":{"line":114,"column":4},"end":{"line":122,"column":5}}],"line":114},"6":{"loc":{"start":{"line":125,"column":4},"end":{"line":143,"column":5}},"type":"if","locations":[{"start":{"line":125,"column":4},"end":{"line":143,"column":5}},{"start":{"line":125,"column":4},"end":{"line":143,"column":5}}],"line":125}},"s":{"0":2,"1":2,"2":2,"3":2,"4":2,"5":26,"6":10,"7":16,"8":2,"9":10,"10":10,"11":2,"12":18,"13":17,"14":8,"15":2,"16":25,"17":2,"18":8,"19":8,"20":2,"21":2,"22":7,"23":17,"24":17,"25":10,"26":7,"27":5,"28":2,"29":7,"30":2,"31":8,"32":8,"33":16,"34":16,"35":16,"36":16,"37":16,"38":16,"39":16,"40":24,"41":16,"42":16,"43":16,"44":16,"45":24,"46":8,"47":2,"48":7,"49":3,"50":3,"51":4,"52":2,"53":2,"54":2},"f":{"0":26,"1":10,"2":18,"3":25,"4":8,"5":7,"6":17,"7":8,"8":16,"9":24,"10":7,"11":3,"12":4},"b":{"0":[10,16],"1":[8,9],"2":[10,7],"3":[5,2],"4":[16,0],"5":[3,0],"6":[2,2]},"_coverageSchema":"1a1c01bbd47fc00a2c39e90264f33305004495a9","hash":"c9c3bd1570bdf47db04a4bb2f4baf223373ba4a0"}
,"C:\\Users\\N10\\Desktop\\merylab\\meryLIM014-mdlinks\\src\\index.js": {"path":"C:\\Users\\N10\\Desktop\\merylab\\meryLIM014-mdlinks\\src\\index.js","statementMap":{"0":{"start":{"line":7,"column":14},"end":{"line":7,"column":30}},"1":{"start":{"line":18,"column":4},"end":{"line":18,"column":26}},"2":{"start":{"line":20,"column":16},"end":{"line":58,"column":2}},"3":{"start":{"line":20,"column":39},"end":{"line":58,"column":2}},"4":{"start":{"line":21,"column":23},"end":{"line":21,"column":55}},"5":{"start":{"line":22,"column":21},"end":{"line":22,"column":46}},"6":{"start":{"line":25,"column":17},"end":{"line":25,"column":36}},"7":{"start":{"line":26,"column":2},"end":{"line":30,"column":3}},"8":{"start":{"line":27,"column":4},"end":{"line":27,"column":34}},"9":{"start":{"line":29,"column":4},"end":{"line":29,"column":30}},"10":{"start":{"line":32,"column":22},"end":{"line":34,"column":62}},"11":{"start":{"line":36,"column":24},"end":{"line":36,"column":54}},"12":{"start":{"line":38,"column":24},"end":{"line":38,"column":26}},"13":{"start":{"line":39,"column":2},"end":{"line":45,"column":3}},"14":{"start":{"line":40,"column":4},"end":{"line":40,"column":52}},"15":{"start":{"line":42,"column":4},"end":{"line":44,"column":51}},"16":{"start":{"line":47,"column":30},"end":{"line":47,"column":65}},"17":{"start":{"line":48,"column":2},"end":{"line":57,"column":3}},"18":{"start":{"line":49,"column":4},"end":{"line":49,"column":33}},"19":{"start":{"line":51,"column":31},"end":{"line":51,"column":33}},"20":{"start":{"line":52,"column":4},"end":{"line":54,"column":7}},"21":{"start":{"line":53,"column":6},"end":{"line":53,"column":55}},"22":{"start":{"line":56,"column":4},"end":{"line":56,"column":45}},"23":{"start":{"line":60,"column":0},"end":{"line":60,"column":25}}},"fnMap":{"0":{"name":"(anonymous_0)","decl":{"start":{"line":20,"column":16},"end":{"line":20,"column":17}},"loc":{"start":{"line":20,"column":39},"end":{"line":58,"column":2}},"line":20},"1":{"name":"(anonymous_1)","decl":{"start":{"line":20,"column":51},"end":{"line":20,"column":52}},"loc":{"start":{"line":20,"column":72},"end":{"line":58,"column":1}},"line":20},"2":{"name":"(anonymous_2)","decl":{"start":{"line":52,"column":32},"end":{"line":52,"column":33}},"loc":{"start":{"line":52,"column":44},"end":{"line":54,"column":5}},"line":52}},"branchMap":{"0":{"loc":{"start":{"line":26,"column":2},"end":{"line":30,"column":3}},"type":"if","locations":[{"start":{"line":26,"column":2},"end":{"line":30,"column":3}},{"start":{"line":26,"column":2},"end":{"line":30,"column":3}}],"line":26},"1":{"loc":{"start":{"line":26,"column":6},"end":{"line":26,"column":32}},"type":"binary-expr","locations":[{"start":{"line":26,"column":6},"end":{"line":26,"column":16}},{"start":{"line":26,"column":20},"end":{"line":26,"column":32}}],"line":26},"2":{"loc":{"start":{"line":32,"column":22},"end":{"line":34,"column":62}},"type":"cond-expr","locations":[{"start":{"line":33,"column":6},"end":{"line":33,"column":34}},{"start":{"line":34,"column":6},"end":{"line":34,"column":62}}],"line":32},"3":{"loc":{"start":{"line":39,"column":2},"end":{"line":45,"column":3}},"type":"if","locations":[{"start":{"line":39,"column":2},"end":{"line":45,"column":3}},{"start":{"line":39,"column":2},"end":{"line":45,"column":3}}],"line":39},"4":{"loc":{"start":{"line":42,"column":22},"end":{"line":44,"column":50}},"type":"cond-expr","locations":[{"start":{"line":43,"column":8},"end":{"line":43,"column":24}},{"start":{"line":44,"column":8},"end":{"line":44,"column":50}}],"line":42},"5":{"loc":{"start":{"line":48,"column":2},"end":{"line":57,"column":3}},"type":"if","locations":[{"start":{"line":48,"column":2},"end":{"line":57,"column":3}},{"start":{"line":48,"column":2},"end":{"line":57,"column":3}}],"line":48},"6":{"loc":{"start":{"line":48,"column":6},"end":{"line":48,"column":62}},"type":"binary-expr","locations":[{"start":{"line":48,"column":6},"end":{"line":48,"column":14}},{"start":{"line":48,"column":18},"end":{"line":48,"column":44}},{"start":{"line":48,"column":48},"end":{"line":48,"column":62}}],"line":48}},"s":{"0":1,"1":1,"2":1,"3":8,"4":8,"5":8,"6":8,"7":8,"8":7,"9":1,"10":8,"11":7,"12":7,"13":7,"14":1,"15":6,"16":7,"17":7,"18":4,"19":3,"20":3,"21":4,"22":3,"23":1},"f":{"0":8,"1":8,"2":4},"b":{"0":[7,1],"1":[8,7],"2":[1,6],"3":[1,6],"4":[6,0],"5":[4,3],"6":[7,5,3]},"_coverageSchema":"1a1c01bbd47fc00a2c39e90264f33305004495a9","hash":"94ff3a8806ebe65adbc34dd96be2fc0cc54aa1b6"}
}
