TN:
SF:src\functions.js
FN:14,(anonymous_0)
FN:23,(anonymous_1)
FN:30,(anonymous_2)
FN:40,(anonymous_3)
FN:56,(anonymous_4)
FN:64,(anonymous_5)
FN:68,(anonymous_6)
FN:91,(anonymous_7)
FN:93,(anonymous_8)
FN:101,(anonymous_9)
FN:127,(anonymous_10)
FN:128,(anonymous_11)
FN:141,(anonymous_12)
FNF:13
FNH:13
FNDA:32,(anonymous_0)
FNDA:9,(anonymous_1)
FNDA:17,(anonymous_2)
FNDA:25,(anonymous_3)
FNDA:8,(anonymous_4)
FNDA:7,(anonymous_5)
FNDA:17,(anonymous_6)
FNDA:12,(anonymous_7)
FNDA:22,(anonymous_8)
FNDA:35,(anonymous_9)
FNDA:15,(anonymous_10)
FNDA:3,(anonymous_11)
FNDA:9,(anonymous_12)
DA:6,2
DA:7,2
DA:8,2
DA:9,2
DA:14,2
DA:15,32
DA:16,16
DA:18,15
DA:23,2
DA:24,9
DA:25,9
DA:30,2
DA:31,17
DA:33,17
DA:34,8
DA:40,25
DA:56,2
DA:57,8
DA:58,8
DA:63,2
DA:64,2
DA:68,7
DA:72,17
DA:76,17
DA:77,10
DA:78,7
DA:80,5
DA:83,2
DA:86,7
DA:91,2
DA:92,12
DA:93,12
DA:95,22
DA:96,22
DA:97,22
DA:98,22
DA:99,22
DA:100,22
DA:101,35
DA:102,22
DA:105,22
DA:106,22
DA:108,35
DA:116,12
DA:127,15
DA:129,3
DA:130,3
DA:142,9
DA:144,2
DA:153,7
DA:185,2
LF:51
LH:51
BRDA:15,0,0,16
BRDA:15,0,1,15
BRDA:33,1,0,8
BRDA:33,1,1,9
BRDA:76,2,0,10
BRDA:76,2,1,7
BRDA:78,3,0,5
BRDA:78,3,1,2
BRDA:105,4,0,22
BRDA:105,4,1,0
BRDA:129,5,0,3
BRDA:129,5,1,0
BRDA:142,6,0,2
BRDA:142,6,1,7
BRF:14
BRH:12
end_of_record
TN:
SF:src\index.js
FN:22,(anonymous_0)
FN:22,(anonymous_1)
FN:59,(anonymous_2)
FN:64,(anonymous_3)
FNF:4
FNH:4
FNDA:8,(anonymous_0)
FNDA:8,(anonymous_1)
FNDA:12,(anonymous_2)
FNDA:4,(anonymous_3)
DA:7,1
DA:20,1
DA:22,8
DA:23,8
DA:24,7
DA:26,7
DA:27,7
DA:30,7
DA:34,7
DA:36,7
DA:37,7
DA:39,1
DA:42,6
DA:48,7
DA:49,4
DA:52,4
DA:55,7
DA:58,7
DA:59,7
DA:60,12
DA:63,4
DA:64,4
DA:66,4
DA:129,1
LF:24
LH:24
BRDA:27,0,0,7
BRDA:27,0,1,0
BRDA:30,1,0,1
BRDA:30,1,1,6
BRDA:37,2,0,1
BRDA:37,2,1,6
BRDA:42,3,0,6
BRDA:42,3,1,0
BRDA:48,4,0,4
BRDA:48,4,1,3
BRDA:48,5,0,7
BRDA:48,5,1,5
BRDA:48,5,2,3
BRF:13
BRH:11
end_of_record
