TN:
SF:src\functions.js
FN:12,(anonymous_0)
FN:21,(anonymous_1)
FN:28,(anonymous_2)
FN:38,(anonymous_3)
FN:42,(anonymous_4)
FN:50,(anonymous_5)
FN:54,(anonymous_6)
FN:77,(anonymous_7)
FN:79,(anonymous_8)
FN:87,(anonymous_9)
FN:112,(anonymous_10)
FN:113,(anonymous_11)
FN:124,(anonymous_12)
FNF:13
FNH:13
FNDA:26,(anonymous_0)
FNDA:10,(anonymous_1)
FNDA:18,(anonymous_2)
FNDA:25,(anonymous_3)
FNDA:8,(anonymous_4)
FNDA:7,(anonymous_5)
FNDA:17,(anonymous_6)
FNDA:8,(anonymous_7)
FNDA:16,(anonymous_8)
FNDA:24,(anonymous_9)
FNDA:7,(anonymous_10)
FNDA:3,(anonymous_11)
FNDA:4,(anonymous_12)
DA:6,2
DA:7,2
DA:8,2
DA:9,2
DA:12,2
DA:13,26
DA:14,10
DA:16,16
DA:21,2
DA:22,10
DA:23,10
DA:28,2
DA:29,18
DA:31,17
DA:32,8
DA:38,25
DA:42,2
DA:43,8
DA:44,8
DA:49,2
DA:50,2
DA:54,7
DA:58,17
DA:62,17
DA:63,10
DA:64,7
DA:66,5
DA:69,2
DA:72,7
DA:77,2
DA:78,8
DA:79,8
DA:81,16
DA:82,16
DA:83,16
DA:84,16
DA:85,16
DA:86,16
DA:87,24
DA:88,16
DA:91,16
DA:92,16
DA:93,24
DA:101,8
DA:112,7
DA:114,3
DA:115,3
DA:125,4
DA:127,2
DA:136,2
DA:168,2
LF:51
LH:51
BRDA:13,0,0,10
BRDA:13,0,1,16
BRDA:31,1,0,8
BRDA:31,1,1,9
BRDA:62,2,0,10
BRDA:62,2,1,7
BRDA:64,3,0,5
BRDA:64,3,1,2
BRDA:91,4,0,16
BRDA:91,4,1,0
BRDA:114,5,0,3
BRDA:114,5,1,0
BRDA:125,6,0,2
BRDA:125,6,1,2
BRF:14
BRH:12
end_of_record
TN:
SF:src\index.js
FN:20,(anonymous_0)
FN:20,(anonymous_1)
FN:52,(anonymous_2)
FNF:3
FNH:3
FNDA:8,(anonymous_0)
FNDA:8,(anonymous_1)
FNDA:4,(anonymous_2)
DA:7,1
DA:18,1
DA:20,8
DA:21,8
DA:22,8
DA:25,8
DA:26,8
DA:27,7
DA:29,1
DA:32,8
DA:36,7
DA:38,7
DA:39,7
DA:40,1
DA:42,6
DA:47,7
DA:48,7
DA:49,4
DA:51,3
DA:52,3
DA:53,4
DA:56,3
DA:60,1
LF:23
LH:23
BRDA:26,0,0,7
BRDA:26,0,1,1
BRDA:26,1,0,8
BRDA:26,1,1,7
BRDA:32,2,0,1
BRDA:32,2,1,6
BRDA:39,3,0,1
BRDA:39,3,1,6
BRDA:42,4,0,6
BRDA:42,4,1,0
BRDA:48,5,0,4
BRDA:48,5,1,3
BRDA:48,6,0,7
BRDA:48,6,1,5
BRDA:48,6,2,3
BRF:15
BRH:14
end_of_record
